<?xml version="1.0" encoding="UTF-8"?>
<testsuite xmlns:xsi="http://www.w3.org/2001/XMLSchema-instance" xsi:noNamespaceSchemaLocation="https://maven.apache.org/surefire/maven-surefire-plugin/xsd/surefire-test-report-3.0.xsd" version="3.0" name="org.ticketsystem.TicketTest" time="0.07" tests="4" errors="0" skipped="0" failures="0">
  <properties>
[...]
</properties>
  <testcase name="testCombinedDecorators" classname="org.ticketsystem.TicketTest" time="0.032"/>
  <testcase name="testBasicTicket" classname="org.ticketsystem.TicketTest" time="0.013"/>
  <testcase name="testVIPSeatDecorator" classname="org.ticketsystem.TicketTest" time="0.001"/>
  <testcase name="testMealTicketDecorator" classname="org.ticketsystem.TicketTest" time="0.001"/>
</testsuite>